# JRE version: Java(TM) SE Runtime Environment (8.0_91-b14) (build 1.8.0_91-b14)
# Java VM: Java HotSpot(TM) 64-Bit Server VM (25.91-b14 mixed mode windows-amd64 compressed oops)
Heap:
 PSYoungGen      total 165376K, used 110480K [0x00000000eb300000, 0x00000000f6680000, 0x0000000100000000)
  eden space 155136K, 65% used [0x00000000eb300000,0x00000000f15e54c8,0x00000000f4a80000)
  from space 10240K, 89% used [0x00000000f5580000,0x00000000f5e7ecc8,0x00000000f5f80000)
  to   space 11264K, 0% used [0x00000000f4a80000,0x00000000f4a80000,0x00000000f5580000)
 ParOldGen       total 57856K, used 22816K [0x00000000c1800000, 0x00000000c5080000, 0x00000000eb300000)
  object space 57856K, 39% used [0x00000000c1800000,0x00000000c2e48238,0x00000000c5080000)
 Metaspace       used 44394K, capacity 44888K, committed 45184K, reserved 1089536K
  class space    used 5836K, capacity 5950K, committed 6016K, reserved 1048576K
GC Heap History (10 events):
Event: 18.717 GC heap before
{Heap before GC invocations=14 (full 1):
 PSYoungGen      total 91648K, used 84480K [0x00000000eb300000, 0x00000000f1380000, 0x0000000100000000)
  eden space 84480K, 100% used [0x00000000eb300000,0x00000000f0580000,0x00000000f0580000)
  from space 7168K, 0% used [0x00000000f0c80000,0x00000000f0c80000,0x00000000f1380000)
  to   space 7168K, 0% used [0x00000000f0580000,0x00000000f0580000,0x00000000f0c80000)
 ParOldGen       total 38400K, used 13213K [0x00000000c1800000, 0x00000000c3d80000, 0x00000000eb300000)
  object space 38400K, 34% used [0x00000000c1800000,0x00000000c24e7548,0x00000000c3d80000)
 Metaspace       used 24235K, capacity 24418K, committed 24704K, reserved 1071104K
  class space    used 3128K, capacity 3158K, committed 3200K, reserved 1048576K
Event: 18.726 GC heap after
Heap after GC invocations=14 (full 1):
 PSYoungGen      total 91648K, used 5271K [0x00000000eb300000, 0x00000000f3680000, 0x0000000100000000)
  eden space 84480K, 0% used [0x00000000eb300000,0x00000000eb300000,0x00000000f0580000)
  from space 7168K, 73% used [0x00000000f0580000,0x00000000f0aa5f68,0x00000000f0c80000)
  to   space 7680K, 0% used [0x00000000f2f00000,0x00000000f2f00000,0x00000000f3680000)
 ParOldGen       total 38400K, used 13213K [0x00000000c1800000, 0x00000000c3d80000, 0x00000000eb300000)
  object space 38400K, 34% used [0x00000000c1800000,0x00000000c24e7548,0x00000000c3d80000)
 Metaspace       used 24235K, capacity 24418K, committed 24704K, reserved 1071104K
  class space    used 3128K, capacity 3158K, committed 3200K, reserved 1048576K
}
Event: 35.544 GC heap before
{Heap before GC invocations=15 (full 1):
 PSYoungGen      total 91648K, used 89751K [0x00000000eb300000, 0x00000000f3680000, 0x0000000100000000)
  eden space 84480K, 100% used [0x00000000eb300000,0x00000000f0580000,0x00000000f0580000)
  from space 7168K, 73% used [0x00000000f0580000,0x00000000f0aa5f68,0x00000000f0c80000)
  to   space 7680K, 0% used [0x00000000f2f00000,0x00000000f2f00000,0x00000000f3680000)
 ParOldGen       total 38400K, used 13213K [0x00000000c1800000, 0x00000000c3d80000, 0x00000000eb300000)
  object space 38400K, 34% used [0x00000000c1800000,0x00000000c24e7548,0x00000000c3d80000)
 Metaspace       used 32067K, capacity 32392K, committed 32640K, reserved 1077248K
  class space    used 4055K, capacity 4142K, committed 4224K, reserved 1048576K
Event: 35.560 GC heap after
Heap after GC invocations=15 (full 1):
 PSYoungGen      total 123904K, used 7673K [0x00000000eb300000, 0x00000000f3880000, 0x0000000100000000)
  eden space 116224K, 0% used [0x00000000eb300000,0x00000000eb300000,0x00000000f2480000)
  from space 7680K, 99% used [0x00000000f2f00000,0x00000000f367e540,0x00000000f3680000)
  to   space 10240K, 0% used [0x00000000f2480000,0x00000000f2480000,0x00000000f2e80000)
 ParOldGen       total 38400K, used 17783K [0x00000000c1800000, 0x00000000c3d80000, 0x00000000eb300000)
  object space 38400K, 46% used [0x00000000c1800000,0x00000000c295ddd8,0x00000000c3d80000)
 Metaspace       used 32067K, capacity 32392K, committed 32640K, reserved 1077248K
  class space    used 4055K, capacity 4142K, committed 4224K, reserved 1048576K
}
Event: 40.913 GC heap before
{Heap before GC invocations=16 (full 1):
 PSYoungGen      total 123904K, used 42021K [0x00000000eb300000, 0x00000000f3880000, 0x0000000100000000)
  eden space 116224K, 29% used [0x00000000eb300000,0x00000000ed48b070,0x00000000f2480000)
  from space 7680K, 99% used [0x00000000f2f00000,0x00000000f367e540,0x00000000f3680000)
  to   space 10240K, 0% used [0x00000000f2480000,0x00000000f2480000,0x00000000f2e80000)
 ParOldGen       total 38400K, used 17783K [0x00000000c1800000, 0x00000000c3d80000, 0x00000000eb300000)
  object space 38400K, 46% used [0x00000000c1800000,0x00000000c295ddd8,0x00000000c3d80000)
 Metaspace       used 34965K, capacity 35272K, committed 35416K, reserved 1081344K
  class space    used 4507K, capacity 4590K, committed 4608K, reserved 1048576K
Event: 40.920 GC heap after
Heap after GC invocations=16 (full 1):
 PSYoungGen      total 126464K, used 3009K [0x00000000eb300000, 0x00000000f5f80000, 0x0000000100000000)
  eden space 116224K, 0% used [0x00000000eb300000,0x00000000eb300000,0x00000000f2480000)
  from space 10240K, 29% used [0x00000000f2480000,0x00000000f2770630,0x00000000f2e80000)
  to   space 10240K, 0% used [0x00000000f5580000,0x00000000f5580000,0x00000000f5f80000)
 ParOldGen       total 38400K, used 22981K [0x00000000c1800000, 0x00000000c3d80000, 0x00000000eb300000)
  object space 38400K, 59% used [0x00000000c1800000,0x00000000c2e717a0,0x00000000c3d80000)
 Metaspace       used 34965K, capacity 35272K, committed 35416K, reserved 1081344K
  class space    used 4507K, capacity 4590K, committed 4608K, reserved 1048576K
}
Event: 40.920 GC heap before
{Heap before GC invocations=17 (full 2):
 PSYoungGen      total 126464K, used 3009K [0x00000000eb300000, 0x00000000f5f80000, 0x0000000100000000)
  eden space 116224K, 0% used [0x00000000eb300000,0x00000000eb300000,0x00000000f2480000)
  from space 10240K, 29% used [0x00000000f2480000,0x00000000f2770630,0x00000000f2e80000)
  to   space 10240K, 0% used [0x00000000f5580000,0x00000000f5580000,0x00000000f5f80000)
 ParOldGen       total 38400K, used 22981K [0x00000000c1800000, 0x00000000c3d80000, 0x00000000eb300000)
  object space 38400K, 59% used [0x00000000c1800000,0x00000000c2e717a0,0x00000000c3d80000)
 Metaspace       used 34965K, capacity 35272K, committed 35416K, reserved 1081344K
  class space    used 4507K, capacity 4590K, committed 4608K, reserved 1048576K
Event: 41.005 GC heap after
Heap after GC invocations=17 (full 2):
 PSYoungGen      total 126464K, used 0K [0x00000000eb300000, 0x00000000f5f80000, 0x0000000100000000)
  eden space 116224K, 0% used [0x00000000eb300000,0x00000000eb300000,0x00000000f2480000)
  from space 10240K, 0% used [0x00000000f2480000,0x00000000f2480000,0x00000000f2e80000)
  to   space 10240K, 0% used [0x00000000f5580000,0x00000000f5580000,0x00000000f5f80000)
 ParOldGen       total 57856K, used 22816K [0x00000000c1800000, 0x00000000c5080000, 0x00000000eb300000)
  object space 57856K, 39% used [0x00000000c1800000,0x00000000c2e48238,0x00000000c5080000)
 Metaspace       used 34965K, capacity 35272K, committed 35416K, reserved 1081344K
  class space    used 4507K, capacity 4590K, committed 4608K, reserved 1048576K
}
Event: 43.832 GC heap before
{Heap before GC invocations=18 (full 2):
 PSYoungGen      total 126464K, used 116224K [0x00000000eb300000, 0x00000000f5f80000, 0x0000000100000000)
  eden space 116224K, 100% used [0x00000000eb300000,0x00000000f2480000,0x00000000f2480000)
  from space 10240K, 0% used [0x00000000f2480000,0x00000000f2480000,0x00000000f2e80000)
  to   space 10240K, 0% used [0x00000000f5580000,0x00000000f5580000,0x00000000f5f80000)
 ParOldGen       total 57856K, used 22816K [0x00000000c1800000, 0x00000000c5080000, 0x00000000eb300000)
  object space 57856K, 39% used [0x00000000c1800000,0x00000000c2e48238,0x00000000c5080000)
 Metaspace       used 41052K, capacity 41462K, committed 41856K, reserved 1085440K
  class space    used 5360K, capacity 5467K, committed 5504K, reserved 1048576K
Event: 43.861 GC heap after
Heap after GC invocations=18 (full 2):
 PSYoungGen      total 165376K, used 9211K [0x00000000eb300000, 0x00000000f6680000, 0x0000000100000000)
  eden space 155136K, 0% used [0x00000000eb300000,0x00000000eb300000,0x00000000f4a80000)
  from space 10240K, 89% used [0x00000000f5580000,0x00000000f5e7ecc8,0x00000000f5f80000)
  to   space 11264K, 0% used [0x00000000f4a80000,0x00000000f4a80000,0x00000000f5580000)
 ParOldGen       total 57856K, used 22816K [0x00000000c1800000, 0x00000000c5080000, 0x00000000eb300000)
  object space 57856K, 39% used [0x00000000c1800000,0x00000000c2e48238,0x00000000c5080000)
 Metaspace       used 41052K, capacity 41462K, committed 41856K, reserved 1085440K
  class space    used 5360K, capacity 5467K, committed 5504K, reserved 1048576K
}

